<?xml version="1.0" encoding="UTF-8"?>
<!-- Generated by org.testng.reporters.JUnitReportReporter -->
<testsuite hostname="TonmoyPc1" failures="0" tests="1" name="com.iBankingNet.testCases.TC_NewCustomer_001" time="5.353" errors="0" timestamp="19 Dec 2020 16:20:43 GMT" skipped="0">
  <testcase classname="com.iBankingNet.testCases.TC_NewCustomer_001" name="test" time="5.353"/>
</testsuite> <!-- com.iBankingNet.testCases.TC_NewCustomer_001 -->
