<?xml version="1.0" encoding="UTF-8"?>
<!-- Generated by org.testng.reporters.JUnitReportReporter -->
<testsuite hostname="TonmoyPc1" failures="0" tests="1" name="com.iBankingNet.testCases.TC_Login_001" time="4.256" errors="0" timestamp="19 Dec 2020 16:16:01 GMT" skipped="0">
  <testcase classname="com.iBankingNet.testCases.TC_Login_001" name="test" time="4.256"/>
</testsuite> <!-- com.iBankingNet.testCases.TC_Login_001 -->
